-------------------------------------------------------------------------------
Test set: com.hexagonal.meditationbuilder.bdd.ComposeContentBDDTest
-------------------------------------------------------------------------------
Tests run: 8, Failures: 0, Errors: 8, Skipped: 0, Time elapsed: 0.619 s <<< FAILURE! -- in com.hexagonal.meditationbuilder.bdd.ComposeContentBDDTest
Compose Meditation Content with Optional AI Assistance.Access Meditation Builder and see text field -- Time elapsed: 0.104 s <<< ERROR!
io.cucumber.java.PendingException: TODO: Setup authenticated user and navigate to Meditation Builder
	at com.hexagonal.meditationbuilder.bdd.steps.ComposeContentSteps.iAmAnAuthenticatedUserInTheMeditationBuilder(ComposeContentSteps.java:21)
	at ✽.I am an authenticated user in the Meditation Builder(classpath:meditationbuilder/compose-content.feature:4)

Compose Meditation Content with Optional AI Assistance.Enter and preserve manual text -- Time elapsed: 0.007 s <<< ERROR!
io.cucumber.java.PendingException: TODO: Setup authenticated user and navigate to Meditation Builder
	at com.hexagonal.meditationbuilder.bdd.steps.ComposeContentSteps.iAmAnAuthenticatedUserInTheMeditationBuilder(ComposeContentSteps.java:21)
	at ✽.I am an authenticated user in the Meditation Builder(classpath:meditationbuilder/compose-content.feature:4)

Compose Meditation Content with Optional AI Assistance.AI text generation and enhancement -- Time elapsed: 0.010 s <<< ERROR!
io.cucumber.java.PendingException: TODO: Setup authenticated user and navigate to Meditation Builder
	at com.hexagonal.meditationbuilder.bdd.steps.ComposeContentSteps.iAmAnAuthenticatedUserInTheMeditationBuilder(ComposeContentSteps.java:21)
	at ✽.I am an authenticated user in the Meditation Builder(classpath:meditationbuilder/compose-content.feature:4)

Compose Meditation Content with Optional AI Assistance.Generate AI image -- Time elapsed: 0.013 s <<< ERROR!
io.cucumber.java.PendingException: TODO: Setup authenticated user and navigate to Meditation Builder
	at com.hexagonal.meditationbuilder.bdd.steps.ComposeContentSteps.iAmAnAuthenticatedUserInTheMeditationBuilder(ComposeContentSteps.java:21)
	at ✽.I am an authenticated user in the Meditation Builder(classpath:meditationbuilder/compose-content.feature:4)

Compose Meditation Content with Optional AI Assistance.Output type podcast without image -- Time elapsed: 0.006 s <<< ERROR!
io.cucumber.java.PendingException: TODO: Setup authenticated user and navigate to Meditation Builder
	at com.hexagonal.meditationbuilder.bdd.steps.ComposeContentSteps.iAmAnAuthenticatedUserInTheMeditationBuilder(ComposeContentSteps.java:21)
	at ✽.I am an authenticated user in the Meditation Builder(classpath:meditationbuilder/compose-content.feature:4)

Compose Meditation Content with Optional AI Assistance.Output type video with image -- Time elapsed: 0.008 s <<< ERROR!
io.cucumber.java.PendingException: TODO: Setup authenticated user and navigate to Meditation Builder
	at com.hexagonal.meditationbuilder.bdd.steps.ComposeContentSteps.iAmAnAuthenticatedUserInTheMeditationBuilder(ComposeContentSteps.java:21)
	at ✽.I am an authenticated user in the Meditation Builder(classpath:meditationbuilder/compose-content.feature:4)

Compose Meditation Content with Optional AI Assistance.Preview music -- Time elapsed: 0.008 s <<< ERROR!
io.cucumber.java.PendingException: TODO: Setup authenticated user and navigate to Meditation Builder
	at com.hexagonal.meditationbuilder.bdd.steps.ComposeContentSteps.iAmAnAuthenticatedUserInTheMeditationBuilder(ComposeContentSteps.java:21)
	at ✽.I am an authenticated user in the Meditation Builder(classpath:meditationbuilder/compose-content.feature:4)

Compose Meditation Content with Optional AI Assistance.Preview image -- Time elapsed: 0.004 s <<< ERROR!
io.cucumber.java.PendingException: TODO: Setup authenticated user and navigate to Meditation Builder
	at com.hexagonal.meditationbuilder.bdd.steps.ComposeContentSteps.iAmAnAuthenticatedUserInTheMeditationBuilder(ComposeContentSteps.java:21)
	at ✽.I am an authenticated user in the Meditation Builder(classpath:meditationbuilder/compose-content.feature:4)

