<?xml version="1.0" encoding="UTF-8"?>
<testsuite xmlns:xsi="http://www.w3.org/2001/XMLSchema-instance" xsi:noNamespaceSchemaLocation="https://maven.apache.org/surefire/maven-surefire-plugin/xsd/surefire-test-report-3.0.xsd" version="3.0" name="com.hexagonal.meditationbuilder.bdd.ComposeContentBDDTest" time="0.619" tests="8" errors="8" skipped="0" failures="0">
  <properties>
[...]
</properties>
  <testcase name="Access Meditation Builder and see text field" classname="Compose Meditation Content with Optional AI Assistance" time="0.104">
    <error message="TODO: Setup authenticated user and navigate to Meditation Builder" type="io.cucumber.java.PendingException"><![CDATA[io.cucumber.java.PendingException: TODO: Setup authenticated user and navigate to Meditation Builder
	at com.hexagonal.meditationbuilder.bdd.steps.ComposeContentSteps.iAmAnAuthenticatedUserInTheMeditationBuilder(ComposeContentSteps.java:21)
	at ✽.I am an authenticated user in the Meditation Builder(classpath:meditationbuilder/compose-content.feature:4)
]]></error>
    <system-out><![CDATA[
Scenario: Access Meditation Builder and see text field       &amp#27;[90m# meditationbuilder/compose-content.feature:10&amp#27;[0m
  &amp#27;[33mGiven &amp#27;[0m&amp#27;[33mI am an authenticated user in the Meditation Builder&amp#27;[0m &amp#27;[90m# com.hexagonal.meditationbuilder.bdd.steps.ComposeContentSteps.iAmAnAuthenticatedUserInTheMeditationBuilder()&amp#27;[0m
      &amp#27;[33mio.cucumber.java.PendingException: TODO: Setup authenticated user and navigate to Meditation Builder
	at com.hexagonal.meditationbuilder.bdd.steps.ComposeContentSteps.iAmAnAuthenticatedUserInTheMeditationBuilder(ComposeContentSteps.java:21)
	at ✽.I am an authenticated user in the Meditation Builder(classpath:meditationbuilder/compose-content.feature:4)
&amp#27;[0m
  &amp#27;[36mWhen &amp#27;[0m&amp#27;[36mI access the Meditation Builder&amp#27;[0m                       &amp#27;[90m# com.hexagonal.meditationbuilder.bdd.steps.ComposeContentSteps.iAccessTheMeditationBuilder()&amp#27;[0m
  &amp#27;[36mThen &amp#27;[0m&amp#27;[36mI see mandatory text field for meditation content&amp#27;[0m     &amp#27;[90m# com.hexagonal.meditationbuilder.bdd.steps.ComposeContentSteps.iSeeMandatoryTextFieldForMeditationContent()&amp#27;[0m
]]></system-out>
  </testcase>
  <testcase name="Enter and preserve manual text" classname="Compose Meditation Content with Optional AI Assistance" time="0.007">
    <error message="TODO: Setup authenticated user and navigate to Meditation Builder" type="io.cucumber.java.PendingException"><![CDATA[io.cucumber.java.PendingException: TODO: Setup authenticated user and navigate to Meditation Builder
	at com.hexagonal.meditationbuilder.bdd.steps.ComposeContentSteps.iAmAnAuthenticatedUserInTheMeditationBuilder(ComposeContentSteps.java:21)
	at ✽.I am an authenticated user in the Meditation Builder(classpath:meditationbuilder/compose-content.feature:4)
]]></error>
    <system-out><![CDATA[
Scenario: Enter and preserve manual text                     &amp#27;[90m# meditationbuilder/compose-content.feature:14&amp#27;[0m
  &amp#27;[33mGiven &amp#27;[0m&amp#27;[33mI am an authenticated user in the Meditation Builder&amp#27;[0m &amp#27;[90m# com.hexagonal.meditationbuilder.bdd.steps.ComposeContentSteps.iAmAnAuthenticatedUserInTheMeditationBuilder()&amp#27;[0m
      &amp#27;[33mio.cucumber.java.PendingException: TODO: Setup authenticated user and navigate to Meditation Builder
	at com.hexagonal.meditationbuilder.bdd.steps.ComposeContentSteps.iAmAnAuthenticatedUserInTheMeditationBuilder(ComposeContentSteps.java:21)
	at ✽.I am an authenticated user in the Meditation Builder(classpath:meditationbuilder/compose-content.feature:4)
&amp#27;[0m
  &amp#27;[36mWhen &amp#27;[0m&amp#27;[36mI type meditation text in the text field&amp#27;[0m              &amp#27;[90m# com.hexagonal.meditationbuilder.bdd.steps.ComposeContentSteps.iTypeMeditationTextInTheTextField()&amp#27;[0m
  &amp#27;[36mThen &amp#27;[0m&amp#27;[36mtext is captured and preserved exactly&amp#27;[0m                &amp#27;[90m# com.hexagonal.meditationbuilder.bdd.steps.ComposeContentSteps.textIsCapturedAndPreservedExactly()&amp#27;[0m
]]></system-out>
  </testcase>
  <testcase name="AI text generation and enhancement" classname="Compose Meditation Content with Optional AI Assistance" time="0.01">
    <error message="TODO: Setup authenticated user and navigate to Meditation Builder" type="io.cucumber.java.PendingException"><![CDATA[io.cucumber.java.PendingException: TODO: Setup authenticated user and navigate to Meditation Builder
	at com.hexagonal.meditationbuilder.bdd.steps.ComposeContentSteps.iAmAnAuthenticatedUserInTheMeditationBuilder(ComposeContentSteps.java:21)
	at ✽.I am an authenticated user in the Meditation Builder(classpath:meditationbuilder/compose-content.feature:4)
]]></error>
    <system-out><![CDATA[
Scenario: AI text generation and enhancement                    &amp#27;[90m# meditationbuilder/compose-content.feature:18&amp#27;[0m
  &amp#27;[33mGiven &amp#27;[0m&amp#27;[33mI am an authenticated user in the Meditation Builder&amp#27;[0m    &amp#27;[90m# com.hexagonal.meditationbuilder.bdd.steps.ComposeContentSteps.iAmAnAuthenticatedUserInTheMeditationBuilder()&amp#27;[0m
      &amp#27;[33mio.cucumber.java.PendingException: TODO: Setup authenticated user and navigate to Meditation Builder
	at com.hexagonal.meditationbuilder.bdd.steps.ComposeContentSteps.iAmAnAuthenticatedUserInTheMeditationBuilder(ComposeContentSteps.java:21)
	at ✽.I am an authenticated user in the Meditation Builder(classpath:meditationbuilder/compose-content.feature:4)
&amp#27;[0m
  &amp#27;[36mGiven &amp#27;[0m&amp#27;[36mtext field has content or keywords&amp#27;[0m                      &amp#27;[90m# com.hexagonal.meditationbuilder.bdd.steps.ComposeContentSteps.textFieldHasContentOrKeywords()&amp#27;[0m
  &amp#27;[36mWhen &amp#27;[0m&amp#27;[36mI request AI text generation&amp#27;[0m                             &amp#27;[90m# com.hexagonal.meditationbuilder.bdd.steps.ComposeContentSteps.iRequestAiTextGeneration()&amp#27;[0m
  &amp#27;[36mThen &amp#27;[0m&amp#27;[36mfield updates with AI-generated/improved meditation text&amp#27;[0m &amp#27;[90m# com.hexagonal.meditationbuilder.bdd.steps.ComposeContentSteps.fieldUpdatesWithAiGeneratedImprovedMeditationText()&amp#27;[0m
]]></system-out>
  </testcase>
  <testcase name="Generate AI image" classname="Compose Meditation Content with Optional AI Assistance" time="0.013">
    <error message="TODO: Setup authenticated user and navigate to Meditation Builder" type="io.cucumber.java.PendingException"><![CDATA[io.cucumber.java.PendingException: TODO: Setup authenticated user and navigate to Meditation Builder
	at com.hexagonal.meditationbuilder.bdd.steps.ComposeContentSteps.iAmAnAuthenticatedUserInTheMeditationBuilder(ComposeContentSteps.java:21)
	at ✽.I am an authenticated user in the Meditation Builder(classpath:meditationbuilder/compose-content.feature:4)
]]></error>
    <system-out><![CDATA[
Scenario: Generate AI image                                  &amp#27;[90m# meditationbuilder/compose-content.feature:23&amp#27;[0m
  &amp#27;[33mGiven &amp#27;[0m&amp#27;[33mI am an authenticated user in the Meditation Builder&amp#27;[0m &amp#27;[90m# com.hexagonal.meditationbuilder.bdd.steps.ComposeContentSteps.iAmAnAuthenticatedUserInTheMeditationBuilder()&amp#27;[0m
      &amp#27;[33mio.cucumber.java.PendingException: TODO: Setup authenticated user and navigate to Meditation Builder
	at com.hexagonal.meditationbuilder.bdd.steps.ComposeContentSteps.iAmAnAuthenticatedUserInTheMeditationBuilder(ComposeContentSteps.java:21)
	at ✽.I am an authenticated user in the Meditation Builder(classpath:meditationbuilder/compose-content.feature:4)
&amp#27;[0m
  &amp#27;[36mGiven &amp#27;[0m&amp#27;[36mno image selected&amp#27;[0m                                    &amp#27;[90m# com.hexagonal.meditationbuilder.bdd.steps.ComposeContentSteps.noImageSelected()&amp#27;[0m
  &amp#27;[36mWhen &amp#27;[0m&amp#27;[36mI click &amp#27;[0m&amp#27;[36m&amp#27;[1m"Generate AI image"&amp#27;[0m                           &amp#27;[90m# com.hexagonal.meditationbuilder.bdd.steps.ComposeContentSteps.iClick(java.lang.String)&amp#27;[0m
  &amp#27;[36mThen &amp#27;[0m&amp#27;[36mimage field shows AI-generated image&amp#27;[0m                  &amp#27;[90m# com.hexagonal.meditationbuilder.bdd.steps.ComposeContentSteps.imageFieldShowsAiGeneratedImage()&amp#27;[0m
]]></system-out>
  </testcase>
  <testcase name="Output type podcast without image" classname="Compose Meditation Content with Optional AI Assistance" time="0.006">
    <error message="TODO: Setup authenticated user and navigate to Meditation Builder" type="io.cucumber.java.PendingException"><![CDATA[io.cucumber.java.PendingException: TODO: Setup authenticated user and navigate to Meditation Builder
	at com.hexagonal.meditationbuilder.bdd.steps.ComposeContentSteps.iAmAnAuthenticatedUserInTheMeditationBuilder(ComposeContentSteps.java:21)
	at ✽.I am an authenticated user in the Meditation Builder(classpath:meditationbuilder/compose-content.feature:4)
]]></error>
    <system-out><![CDATA[
Scenario: Output type podcast without image                  &amp#27;[90m# meditationbuilder/compose-content.feature:28&amp#27;[0m
  &amp#27;[33mGiven &amp#27;[0m&amp#27;[33mI am an authenticated user in the Meditation Builder&amp#27;[0m &amp#27;[90m# com.hexagonal.meditationbuilder.bdd.steps.ComposeContentSteps.iAmAnAuthenticatedUserInTheMeditationBuilder()&amp#27;[0m
      &amp#27;[33mio.cucumber.java.PendingException: TODO: Setup authenticated user and navigate to Meditation Builder
	at com.hexagonal.meditationbuilder.bdd.steps.ComposeContentSteps.iAmAnAuthenticatedUserInTheMeditationBuilder(ComposeContentSteps.java:21)
	at ✽.I am an authenticated user in the Meditation Builder(classpath:meditationbuilder/compose-content.feature:4)
&amp#27;[0m
  &amp#27;[36mGiven &amp#27;[0m&amp#27;[36mtext entered without image&amp#27;[0m                           &amp#27;[90m# com.hexagonal.meditationbuilder.bdd.steps.ComposeContentSteps.textEnteredWithoutImage()&amp#27;[0m
  &amp#27;[36mWhen &amp#27;[0m&amp#27;[36mI review composition&amp#27;[0m                                  &amp#27;[90m# com.hexagonal.meditationbuilder.bdd.steps.ComposeContentSteps.iReviewComposition()&amp#27;[0m
  &amp#27;[36mThen &amp#27;[0m&amp#27;[36msystem shows &amp#27;[0m&amp#27;[36m&amp#27;[1m"podcast (audio-only)"&amp#27;[0m                   &amp#27;[90m# com.hexagonal.meditationbuilder.bdd.steps.ComposeContentSteps.systemShows(java.lang.String)&amp#27;[0m
]]></system-out>
  </testcase>
  <testcase name="Output type video with image" classname="Compose Meditation Content with Optional AI Assistance" time="0.008">
    <error message="TODO: Setup authenticated user and navigate to Meditation Builder" type="io.cucumber.java.PendingException"><![CDATA[io.cucumber.java.PendingException: TODO: Setup authenticated user and navigate to Meditation Builder
	at com.hexagonal.meditationbuilder.bdd.steps.ComposeContentSteps.iAmAnAuthenticatedUserInTheMeditationBuilder(ComposeContentSteps.java:21)
	at ✽.I am an authenticated user in the Meditation Builder(classpath:meditationbuilder/compose-content.feature:4)
]]></error>
    <system-out><![CDATA[
Scenario: Output type video with image                       &amp#27;[90m# meditationbuilder/compose-content.feature:33&amp#27;[0m
  &amp#27;[33mGiven &amp#27;[0m&amp#27;[33mI am an authenticated user in the Meditation Builder&amp#27;[0m &amp#27;[90m# com.hexagonal.meditationbuilder.bdd.steps.ComposeContentSteps.iAmAnAuthenticatedUserInTheMeditationBuilder()&amp#27;[0m
      &amp#27;[33mio.cucumber.java.PendingException: TODO: Setup authenticated user and navigate to Meditation Builder
	at com.hexagonal.meditationbuilder.bdd.steps.ComposeContentSteps.iAmAnAuthenticatedUserInTheMeditationBuilder(ComposeContentSteps.java:21)
	at ✽.I am an authenticated user in the Meditation Builder(classpath:meditationbuilder/compose-content.feature:4)
&amp#27;[0m
  &amp#27;[36mGiven &amp#27;[0m&amp#27;[36mtext + image (manual or AI)&amp#27;[0m                          &amp#27;[90m# com.hexagonal.meditationbuilder.bdd.steps.ComposeContentSteps.textPlusImageManualOrAi()&amp#27;[0m
  &amp#27;[36mWhen &amp#27;[0m&amp#27;[36mI review composition&amp#27;[0m                                  &amp#27;[90m# com.hexagonal.meditationbuilder.bdd.steps.ComposeContentSteps.iReviewComposition()&amp#27;[0m
  &amp#27;[36mThen &amp#27;[0m&amp#27;[36msystem shows &amp#27;[0m&amp#27;[36m&amp#27;[1m"video"&amp#27;[0m                                  &amp#27;[90m# com.hexagonal.meditationbuilder.bdd.steps.ComposeContentSteps.systemShows(java.lang.String)&amp#27;[0m
]]></system-out>
  </testcase>
  <testcase name="Preview music" classname="Compose Meditation Content with Optional AI Assistance" time="0.008">
    <error message="TODO: Setup authenticated user and navigate to Meditation Builder" type="io.cucumber.java.PendingException"><![CDATA[io.cucumber.java.PendingException: TODO: Setup authenticated user and navigate to Meditation Builder
	at com.hexagonal.meditationbuilder.bdd.steps.ComposeContentSteps.iAmAnAuthenticatedUserInTheMeditationBuilder(ComposeContentSteps.java:21)
	at ✽.I am an authenticated user in the Meditation Builder(classpath:meditationbuilder/compose-content.feature:4)
]]></error>
    <system-out><![CDATA[
Scenario: Preview music                                      &amp#27;[90m# meditationbuilder/compose-content.feature:38&amp#27;[0m
  &amp#27;[33mGiven &amp#27;[0m&amp#27;[33mI am an authenticated user in the Meditation Builder&amp#27;[0m &amp#27;[90m# com.hexagonal.meditationbuilder.bdd.steps.ComposeContentSteps.iAmAnAuthenticatedUserInTheMeditationBuilder()&amp#27;[0m
      &amp#27;[33mio.cucumber.java.PendingException: TODO: Setup authenticated user and navigate to Meditation Builder
	at com.hexagonal.meditationbuilder.bdd.steps.ComposeContentSteps.iAmAnAuthenticatedUserInTheMeditationBuilder(ComposeContentSteps.java:21)
	at ✽.I am an authenticated user in the Meditation Builder(classpath:meditationbuilder/compose-content.feature:4)
&amp#27;[0m
  &amp#27;[36mGiven &amp#27;[0m&amp#27;[36mmusic selected&amp#27;[0m                                       &amp#27;[90m# com.hexagonal.meditationbuilder.bdd.steps.ComposeContentSteps.musicSelected()&amp#27;[0m
  &amp#27;[36mWhen &amp#27;[0m&amp#27;[36mI click music preview&amp#27;[0m                                 &amp#27;[90m# com.hexagonal.meditationbuilder.bdd.steps.ComposeContentSteps.iClickMusicPreview()&amp#27;[0m
  &amp#27;[36mThen &amp#27;[0m&amp#27;[36maudio plays&amp#27;[0m                                           &amp#27;[90m# com.hexagonal.meditationbuilder.bdd.steps.ComposeContentSteps.audioPlays()&amp#27;[0m
]]></system-out>
  </testcase>
  <testcase name="Preview image" classname="Compose Meditation Content with Optional AI Assistance" time="0.004">
    <error message="TODO: Setup authenticated user and navigate to Meditation Builder" type="io.cucumber.java.PendingException"><![CDATA[io.cucumber.java.PendingException: TODO: Setup authenticated user and navigate to Meditation Builder
	at com.hexagonal.meditationbuilder.bdd.steps.ComposeContentSteps.iAmAnAuthenticatedUserInTheMeditationBuilder(ComposeContentSteps.java:21)
	at ✽.I am an authenticated user in the Meditation Builder(classpath:meditationbuilder/compose-content.feature:4)
]]></error>
    <system-out><![CDATA[
Scenario: Preview image                                      &amp#27;[90m# meditationbuilder/compose-content.feature:43&amp#27;[0m
  &amp#27;[33mGiven &amp#27;[0m&amp#27;[33mI am an authenticated user in the Meditation Builder&amp#27;[0m &amp#27;[90m# com.hexagonal.meditationbuilder.bdd.steps.ComposeContentSteps.iAmAnAuthenticatedUserInTheMeditationBuilder()&amp#27;[0m
      &amp#27;[33mio.cucumber.java.PendingException: TODO: Setup authenticated user and navigate to Meditation Builder
	at com.hexagonal.meditationbuilder.bdd.steps.ComposeContentSteps.iAmAnAuthenticatedUserInTheMeditationBuilder(ComposeContentSteps.java:21)
	at ✽.I am an authenticated user in the Meditation Builder(classpath:meditationbuilder/compose-content.feature:4)
&amp#27;[0m
  &amp#27;[36mGiven &amp#27;[0m&amp#27;[36mimage selected&amp#27;[0m                                       &amp#27;[90m# com.hexagonal.meditationbuilder.bdd.steps.ComposeContentSteps.imageSelected()&amp#27;[0m
  &amp#27;[36mWhen &amp#27;[0m&amp#27;[36mI click image preview&amp#27;[0m                                 &amp#27;[90m# com.hexagonal.meditationbuilder.bdd.steps.ComposeContentSteps.iClickImagePreview()&amp#27;[0m
  &amp#27;[36mThen &amp#27;[0m&amp#27;[36mimage displays&amp#27;[0m                                        &amp#27;[90m# com.hexagonal.meditationbuilder.bdd.steps.ComposeContentSteps.imageDisplays()&amp#27;[0m
]]></system-out>
  </testcase>
</testsuite>