<?xml version="1.0" encoding="utf-8"?><testsuites name="pytest tests"><testsuite name="pytest" errors="0" failures="0" skipped="0" tests="15" time="1.871" timestamp="2026-04-13T15:27:45.380946+00:00" hostname="agent-env-85798afe-05c4-4878-902f-77e7074c8a12"><testcase classname="backend.tests.test_user_roles.TestDevLoginReturnsRole" name="test_dev_login_returns_role_field" time="0.264" /><testcase classname="backend.tests.test_user_roles.TestAuthMeReturnsRole" name="test_auth_me_returns_role_field" time="0.107" /><testcase classname="backend.tests.test_user_roles.TestAdminUsersEndpoint" name="test_admin_users_returns_403_for_non_admin" time="0.101" /><testcase classname="backend.tests.test_user_roles.TestAdminUsersEndpoint" name="test_admin_users_returns_200_for_admin" time="0.107" /><testcase classname="backend.tests.test_user_roles.TestAdminUpdateRoleEndpoint" name="test_update_role_returns_403_for_non_admin" time="0.166" /><testcase classname="backend.tests.test_user_roles.TestAdminUpdateRoleEndpoint" name="test_update_role_works_for_admin" time="0.164" /><testcase classname="backend.tests.test_user_roles.TestAdminUpdateRoleEndpoint" name="test_update_role_rejects_invalid_role" time="0.098" /><testcase classname="backend.tests.test_user_roles.TestI18nAdminProtection" name="test_bulk_translations_returns_403_for_non_admin" time="0.104" /><testcase classname="backend.tests.test_user_roles.TestI18nAdminProtection" name="test_put_translations_returns_403_for_non_admin" time="0.097" /><testcase classname="backend.tests.test_user_roles.TestI18nAdminProtection" name="test_delete_translation_returns_403_for_non_admin" time="0.117" /><testcase classname="backend.tests.test_user_roles.TestI18nAdminProtection" name="test_bulk_translations_works_for_admin" time="0.092" /><testcase classname="backend.tests.test_user_roles.TestI18nAdminProtection" name="test_put_translations_works_for_admin" time="0.098" /><testcase classname="backend.tests.test_user_roles.TestI18nAdminProtection" name="test_delete_translation_works_for_admin" time="0.151" /><testcase classname="backend.tests.test_user_roles.TestI18nGetIsPublic" name="test_get_translations_is_public" time="0.048" /><testcase classname="backend.tests.test_user_roles.TestRoleResolution" name="test_admin_email_gets_admin_role" time="0.004" /></testsuite></testsuites>