<?xml version="1.0" encoding="utf-8"?><testsuites name="pytest tests"><testsuite name="pytest" errors="0" failures="0" skipped="0" tests="24" time="6.543" timestamp="2026-04-06T17:12:34.760119+00:00" hostname="agent-env-85798afe-05c4-4878-902f-77e7074c8a12"><testcase classname="backend.tests.test_bpmn_api.TestHealthAndBasics" name="test_api_health" time="0.289" /><testcase classname="backend.tests.test_bpmn_api.TestHealthAndBasics" name="test_api_root" time="0.124" /><testcase classname="backend.tests.test_bpmn_api.TestDevLogin" name="test_dev_login_creates_session" time="0.171" /><testcase classname="backend.tests.test_bpmn_api.TestDevLogin" name="test_auth_me_with_dev_token" time="0.320" /><testcase classname="backend.tests.test_bpmn_api.TestDevLogin" name="test_auth_me_without_token_fails" time="0.137" /><testcase classname="backend.tests.test_bpmn_api.TestDiagramBugFixes" name="test_invalid_xml_diagram_returns_fallback" time="0.117" /><testcase classname="backend.tests.test_bpmn_api.TestDiagramBugFixes" name="test_valid_xml_diagram_returns_original" time="0.115" /><testcase classname="backend.tests.test_bpmn_api.TestDiagramBugFixes" name="test_nonexistent_diagram_returns_404" time="0.133" /><testcase classname="backend.tests.test_bpmn_api.TestDiagramsCRUD" name="test_list_diagrams" time="0.229" /><testcase classname="backend.tests.test_bpmn_api.TestDiagramsCRUD" name="test_create_diagram" time="0.372" /><testcase classname="backend.tests.test_bpmn_api.TestDiagramsCRUD" name="test_update_diagram" time="0.483" /><testcase classname="backend.tests.test_bpmn_api.TestDiagramsCRUD" name="test_delete_diagram" time="0.510" /><testcase classname="backend.tests.test_bpmn_api.TestVersions" name="test_get_versions" time="0.291" /><testcase classname="backend.tests.test_bpmn_api.TestVersions" name="test_create_version" time="0.369" /><testcase classname="backend.tests.test_bpmn_api.TestOOPClasses" name="test_list_oop_classes" time="0.249" /><testcase classname="backend.tests.test_bpmn_api.TestOOPClasses" name="test_create_oop_class" time="0.381" /><testcase classname="backend.tests.test_bpmn_api.TestComponents" name="test_list_components" time="0.211" /><testcase classname="backend.tests.test_bpmn_api.TestComponents" name="test_create_component" time="0.373" /><testcase classname="backend.tests.test_bpmn_api.TestBranches" name="test_list_branches" time="0.270" /><testcase classname="backend.tests.test_bpmn_api.TestBranches" name="test_create_branch" time="0.253" /><testcase classname="backend.tests.test_bpmn_api.TestComments" name="test_list_comments" time="0.230" /><testcase classname="backend.tests.test_bpmn_api.TestComments" name="test_create_comment" time="0.233" /><testcase classname="backend.tests.test_bpmn_api.TestStats" name="test_get_stats" time="0.241" /><testcase classname="backend.tests.test_bpmn_api.TestStats" name="test_get_tags" time="0.232" /></testsuite></testsuites>