<?xml version="1.0" encoding="utf-8"?><testsuites name="pytest tests"><testsuite name="pytest" errors="0" failures="0" skipped="0" tests="13" time="4.590" timestamp="2026-04-08T10:41:51.218196+00:00" hostname="agent-env-85798afe-05c4-4878-902f-77e7074c8a12"><testcase classname="backend.tests.test_export_import.TestProjectExport" name="test_export_project_returns_correct_format" time="0.402" /><testcase classname="backend.tests.test_export_import.TestProjectExport" name="test_export_project_includes_project_data" time="0.225" /><testcase classname="backend.tests.test_export_import.TestProjectExport" name="test_export_project_includes_diagrams_with_xml" time="0.214" /><testcase classname="backend.tests.test_export_import.TestProjectExport" name="test_export_project_includes_versions" time="0.213" /><testcase classname="backend.tests.test_export_import.TestProjectExport" name="test_export_project_includes_branches" time="0.212" /><testcase classname="backend.tests.test_export_import.TestProjectExport" name="test_export_nonexistent_project_returns_404" time="0.214" /><testcase classname="backend.tests.test_export_import.TestProjectImport" name="test_import_project_creates_new_project" time="0.453" /><testcase classname="backend.tests.test_export_import.TestProjectImport" name="test_import_project_creates_new_ids" time="0.537" /><testcase classname="backend.tests.test_export_import.TestProjectImport" name="test_import_invalid_format_returns_400" time="0.232" /><testcase classname="backend.tests.test_export_import.TestProjectImport" name="test_import_missing_format_returns_400" time="0.201" /><testcase classname="backend.tests.test_export_import.TestProjectImport" name="test_import_requires_authentication" time="0.094" /><testcase classname="backend.tests.test_export_import.TestProjectImport" name="test_import_preserves_diagram_content" time="0.874" /><testcase classname="backend.tests.test_export_import.TestExportImportRoundTrip" name="test_full_roundtrip" time="0.532" /></testsuite></testsuites>