<?xml version="1.0" encoding="utf-8"?><testsuites name="pytest tests"><testsuite name="pytest" errors="0" failures="0" skipped="0" tests="14" time="1.762" timestamp="2026-04-07T08:16:51.589955+00:00" hostname="agent-env-85798afe-05c4-4878-902f-77e7074c8a12"><testcase classname="backend.tests.test_version_tree_diff.TestVersionTreeAPI" name="test_version_tree_returns_nodes_array" time="0.234" /><testcase classname="backend.tests.test_version_tree_diff.TestVersionTreeAPI" name="test_version_tree_node_structure" time="0.102" /><testcase classname="backend.tests.test_version_tree_diff.TestVersionTreeAPI" name="test_version_tree_has_current_marker" time="0.139" /><testcase classname="backend.tests.test_version_tree_diff.TestVersionTreeAPI" name="test_version_tree_sorted_by_version_number" time="0.104" /><testcase classname="backend.tests.test_version_tree_diff.TestVersionTreeAPI" name="test_version_tree_404_for_nonexistent_diagram" time="0.102" /><testcase classname="backend.tests.test_version_tree_diff.TestVersionDiffAPI" name="test_diff_returns_added_removed_modified" time="0.099" /><testcase classname="backend.tests.test_version_tree_diff.TestVersionDiffAPI" name="test_diff_summary_has_counts" time="0.101" /><testcase classname="backend.tests.test_version_tree_diff.TestVersionDiffAPI" name="test_diff_element_details" time="0.111" /><testcase classname="backend.tests.test_version_tree_diff.TestVersionDiffAPI" name="test_diff_modified_has_before_after" time="0.107" /><testcase classname="backend.tests.test_version_tree_diff.TestVersionDiffAPI" name="test_diff_version_info" time="0.103" /><testcase classname="backend.tests.test_version_tree_diff.TestVersionDiffAPI" name="test_diff_404_for_nonexistent_version" time="0.098" /><testcase classname="backend.tests.test_version_tree_diff.TestVersionDiffAPI" name="test_diff_same_version_returns_no_changes" time="0.095" /><testcase classname="backend.tests.test_version_tree_diff.TestAuthSessionCookie" name="test_dev_login_returns_session_token" time="0.096" /><testcase classname="backend.tests.test_version_tree_diff.TestAuthSessionCookie" name="test_auth_me_with_bearer_token" time="0.199" /></testsuite></testsuites>