<?xml version="1.0" encoding="utf-8"?><testsuites name="pytest tests"><testsuite name="pytest" errors="0" failures="0" skipped="0" tests="12" time="17.945" timestamp="2026-04-07T07:57:00.313105+00:00" hostname="agent-env-85798afe-05c4-4878-902f-77e7074c8a12"><testcase classname="backend.tests.test_code_generation_api.TestGeneratePromptEndpoint" name="test_generate_prompt_all_diagrams_api_python" time="0.352" /><testcase classname="backend.tests.test_code_generation_api.TestGeneratePromptEndpoint" name="test_generate_prompt_specific_diagram" time="0.099" /><testcase classname="backend.tests.test_code_generation_api.TestGeneratePromptEndpoint" name="test_generate_prompt_automation_type" time="0.100" /><testcase classname="backend.tests.test_code_generation_api.TestGeneratePromptEndpoint" name="test_generate_prompt_custom_type_with_instructions" time="1.129" /><testcase classname="backend.tests.test_code_generation_api.TestGeneratePromptEndpoint" name="test_generate_prompt_all_languages" time="0.548" /><testcase classname="backend.tests.test_code_generation_api.TestGeneratePromptEndpoint" name="test_generate_prompt_project_not_found" time="0.109" /><testcase classname="backend.tests.test_code_generation_api.TestGeneratePromptEndpoint" name="test_generate_prompt_empty_project" time="0.099" /><testcase classname="backend.tests.test_code_generation_api.TestGenerateCodeEndpoint" name="test_generate_code_python_api" time="8.463" /><testcase classname="backend.tests.test_code_generation_api.TestGenerateCodeEndpoint" name="test_generate_code_nodejs" time="6.591" /><testcase classname="backend.tests.test_code_generation_api.TestGenerateCodeEndpoint" name="test_generate_code_project_not_found" time="0.126" /><testcase classname="backend.tests.test_code_generation_api.TestBpmnParsing" name="test_prompt_contains_process_elements" time="0.114" /><testcase classname="backend.tests.test_code_generation_api.TestBpmnParsing" name="test_prompt_handles_invalid_xml_gracefully" time="0.102" /></testsuite></testsuites>