<?xml version="1.0" encoding="utf-8"?><testsuites name="pytest tests"><testsuite name="pytest" errors="0" failures="0" skipped="0" tests="37" time="67.729" timestamp="2026-04-08T07:35:39.475440+00:00" hostname="agent-env-85798afe-05c4-4878-902f-77e7074c8a12"><testcase classname="backend.tests.test_regression_refactor.TestHealthAndRoot" name="test_health_check" time="0.133" /><testcase classname="backend.tests.test_regression_refactor.TestHealthAndRoot" name="test_root_endpoint" time="0.092" /><testcase classname="backend.tests.test_regression_refactor.TestAuthRouter" name="test_dev_login" time="0.100" /><testcase classname="backend.tests.test_regression_refactor.TestAuthRouter" name="test_get_me_authenticated" time="0.206" /><testcase classname="backend.tests.test_regression_refactor.TestAuthRouter" name="test_get_me_unauthenticated" time="0.121" /><testcase classname="backend.tests.test_regression_refactor.TestDiagramsRouter" name="test_get_diagrams" time="0.207" /><testcase classname="backend.tests.test_regression_refactor.TestDiagramsRouter" name="test_get_diagram_by_id" time="0.303" /><testcase classname="backend.tests.test_regression_refactor.TestDiagramsRouter" name="test_get_diagram_not_found" time="0.217" /><testcase classname="backend.tests.test_regression_refactor.TestDiagramsRouter" name="test_create_update_delete_diagram" time="0.564" /><testcase classname="backend.tests.test_regression_refactor.TestVersionsRouter" name="test_get_versions" time="0.202" /><testcase classname="backend.tests.test_regression_refactor.TestVersionsRouter" name="test_get_version_tree" time="0.197" /><testcase classname="backend.tests.test_regression_refactor.TestVersionsRouter" name="test_create_version" time="0.300" /><testcase classname="backend.tests.test_regression_refactor.TestBranchesRouter" name="test_get_branches" time="0.202" /><testcase classname="backend.tests.test_regression_refactor.TestBranchesRouter" name="test_create_branch" time="0.329" /><testcase classname="backend.tests.test_regression_refactor.TestOOPClassesRouter" name="test_get_oop_classes" time="0.195" /><testcase classname="backend.tests.test_regression_refactor.TestOOPClassesRouter" name="test_create_update_delete_oop_class" time="36.434" /><testcase classname="backend.tests.test_regression_refactor.TestProjectsRouter" name="test_get_projects" time="0.259" /><testcase classname="backend.tests.test_regression_refactor.TestProjectsRouter" name="test_get_project_by_id" time="2.400" /><testcase classname="backend.tests.test_regression_refactor.TestProjectsRouter" name="test_create_project" time="19.971" /><testcase classname="backend.tests.test_regression_refactor.TestComponentsRouter" name="test_get_components" time="0.218" /><testcase classname="backend.tests.test_regression_refactor.TestComponentsRouter" name="test_create_component" time="2.353" /><testcase classname="backend.tests.test_regression_refactor.TestSocialRouter" name="test_get_notifications" time="0.216" /><testcase classname="backend.tests.test_regression_refactor.TestSocialRouter" name="test_get_unread_count" time="0.222" /><testcase classname="backend.tests.test_regression_refactor.TestSocialRouter" name="test_get_favorites" time="0.209" /><testcase classname="backend.tests.test_regression_refactor.TestGitRouter" name="test_get_git_repos" time="0.206" /><testcase classname="backend.tests.test_regression_refactor.TestToolsRouter" name="test_validate_diagram" time="0.213" /><testcase classname="backend.tests.test_regression_refactor.TestToolsRouter" name="test_simulate_diagram" time="0.200" /><testcase classname="backend.tests.test_regression_refactor.TestToolsRouter" name="test_generate_uml" time="0.200" /><testcase classname="backend.tests.test_regression_refactor.TestToolsRouter" name="test_generate_docs" time="0.196" /><testcase classname="backend.tests.test_regression_refactor.TestToolsRouter" name="test_analytics" time="0.203" /><testcase classname="backend.tests.test_regression_refactor.TestToolsRouter" name="test_get_stats" time="0.104" /><testcase classname="backend.tests.test_regression_refactor.TestToolsRouter" name="test_get_tags" time="0.098" /><testcase classname="backend.tests.test_regression_refactor.TestToolsNotFound" name="test_validate_not_found" time="0.095" /><testcase classname="backend.tests.test_regression_refactor.TestToolsNotFound" name="test_simulate_not_found" time="0.111" /><testcase classname="backend.tests.test_regression_refactor.TestToolsNotFound" name="test_uml_not_found" time="0.125" /><testcase classname="backend.tests.test_regression_refactor.TestToolsNotFound" name="test_docs_not_found" time="0.100" /><testcase classname="backend.tests.test_regression_refactor.TestToolsNotFound" name="test_analytics_not_found" time="0.118" /></testsuite></testsuites>