<?xml version="1.0" encoding="utf-8"?><testsuites name="pytest tests"><testsuite name="pytest" errors="0" failures="0" skipped="0" tests="11" time="3.160" timestamp="2026-04-29T07:32:32.118255+00:00" hostname="agent-env-85798afe-05c4-4878-902f-77e7074c8a12"><testcase classname="backend.tests.test_custom_schemas" name="test_no_auth_returns_401" time="0.272" /><testcase classname="backend.tests.test_custom_schemas" name="test_free_user_returns_403" time="0.109" /><testcase classname="backend.tests.test_custom_schemas" name="test_auth_me_returns_plan_field" time="0.215" /><testcase classname="backend.tests.test_custom_schemas" name="test_auth_me_free_plan_null" time="0.110" /><testcase classname="backend.tests.test_custom_schemas.TestCustomSchemasCRUD" name="test_list_empty_or_existing" time="0.107" /><testcase classname="backend.tests.test_custom_schemas.TestCustomSchemasCRUD" name="test_create_and_get" time="0.359" /><testcase classname="backend.tests.test_custom_schemas.TestCustomSchemasCRUD" name="test_invalid_schema_400" time="0.115" /><testcase classname="backend.tests.test_custom_schemas.TestCustomSchemasCRUD" name="test_update_and_persistence" time="0.472" /><testcase classname="backend.tests.test_custom_schemas.TestCustomSchemasCRUD" name="test_delete_and_404" time="0.331" /><testcase classname="backend.tests.test_custom_schemas.TestApplySchema" name="test_apply_invalid_metadata_returns_400" time="0.453" /><testcase classname="backend.tests.test_custom_schemas.TestApplySchema" name="test_apply_valid_metadata" time="0.433" /></testsuite></testsuites>