<?xml version="1.0" encoding="utf-8"?><testsuites name="pytest tests"><testsuite name="pytest" errors="0" failures="0" skipped="0" tests="18" time="4.061" timestamp="2026-04-14T02:43:44.056872+00:00" hostname="agent-env-85798afe-05c4-4878-902f-77e7074c8a12"><testcase classname="backend.tests.test_demo_user.TestDemoLogin" name="test_demo_login_success" time="0.162" /><testcase classname="backend.tests.test_demo_user.TestDemoLogin" name="test_demo_login_wrong_password" time="0.115" /><testcase classname="backend.tests.test_demo_user.TestDemoLogin" name="test_demo_login_wrong_email" time="0.110" /><testcase classname="backend.tests.test_demo_user.TestDemoUserReadAccess" name="test_demo_user_auth_me" time="0.218" /><testcase classname="backend.tests.test_demo_user.TestDemoUserReadAccess" name="test_demo_user_can_read_diagrams" time="0.268" /><testcase classname="backend.tests.test_demo_user.TestDemoUserReadAccess" name="test_demo_user_can_read_projects" time="0.235" /><testcase classname="backend.tests.test_demo_user.TestDemoUserReadAccess" name="test_demo_user_can_read_oop_classes" time="0.215" /><testcase classname="backend.tests.test_demo_user.TestDemoUserReadAccess" name="test_demo_user_can_read_components" time="0.200" /><testcase classname="backend.tests.test_demo_user.TestDemoUserWriteRestrictions" name="test_demo_user_cannot_create_diagram" time="0.209" /><testcase classname="backend.tests.test_demo_user.TestDemoUserWriteRestrictions" name="test_demo_user_cannot_create_project" time="0.222" /><testcase classname="backend.tests.test_demo_user.TestDemoUserWriteRestrictions" name="test_demo_user_cannot_create_oop_class" time="0.274" /><testcase classname="backend.tests.test_demo_user.TestDemoUserWriteRestrictions" name="test_demo_user_cannot_create_component" time="0.211" /><testcase classname="backend.tests.test_demo_user.TestDemoUserWriteRestrictions" name="test_demo_user_cannot_delete_diagram" time="0.212" /><testcase classname="backend.tests.test_demo_user.TestNormalUserCanModify" name="test_normal_user_auth_me_not_demo" time="0.260" /><testcase classname="backend.tests.test_demo_user.TestNormalUserCanModify" name="test_normal_user_can_create_oop_class" time="0.316" /><testcase classname="backend.tests.test_demo_user.TestNormalUserCanModify" name="test_normal_user_can_create_component" time="0.321" /><testcase classname="backend.tests.test_demo_user.TestDemoAllowedWritePaths" name="test_demo_user_can_set_language" time="0.231" /><testcase classname="backend.tests.test_demo_user.TestDemoAllowedWritePaths" name="test_demo_user_can_logout" time="0.228" /></testsuite></testsuites>