<?xml version="1.0" encoding="utf-8"?><testsuites name="pytest tests"><testsuite name="pytest" errors="0" failures="0" skipped="2" tests="16" time="2.494" timestamp="2026-05-02T19:31:26.449178+00:00" hostname="agent-env-85798afe-05c4-4878-902f-77e7074c8a12"><testcase classname="backend.tests.test_ai_codegen.TestAuth" name="test_no_auth_generate_returns_401" time="0.413" /><testcase classname="backend.tests.test_ai_codegen.TestAuth" name="test_no_auth_get_detail_returns_401" time="0.115" /><testcase classname="backend.tests.test_ai_codegen.TestAuth" name="test_no_auth_list_returns_401" time="0.115" /><testcase classname="backend.tests.test_ai_codegen.TestAuth" name="test_no_auth_download_returns_401" time="0.126" /><testcase classname="backend.tests.test_ai_codegen.TestRejections" name="test_generate_unknown_project_404" time="0.233" /><testcase classname="backend.tests.test_ai_codegen.TestRejections" name="test_generate_unknown_spec_404" time="0.112" /><testcase classname="backend.tests.test_ai_codegen.TestRejections" name="test_generate_spec_other_project_400" time="0.118"><skipped type="pytest.skip" message="no spec belonging to a different project available">/app/backend/tests/test_ai_codegen.py:87: no spec belonging to a different project available</skipped></testcase><testcase classname="backend.tests.test_ai_codegen.TestRejections" name="test_get_unknown_codegen_404" time="0.141" /><testcase classname="backend.tests.test_ai_codegen.TestRejections" name="test_download_unknown_codegen_404" time="0.113" /><testcase classname="backend.tests.test_ai_codegen.TestRejections" name="test_delete_unknown_codegen_404" time="0.143" /><testcase classname="backend.tests.test_ai_codegen.TestExistingCodegen" name="test_get_detail_with_content" time="0.123" /><testcase classname="backend.tests.test_ai_codegen.TestExistingCodegen" name="test_get_detail_include_content_false" time="0.107" /><testcase classname="backend.tests.test_ai_codegen.TestExistingCodegen" name="test_list_history_no_files_payload" time="0.112" /><testcase classname="backend.tests.test_ai_codegen.TestExistingCodegen" name="test_download_zip" time="0.115" /><testcase classname="backend.tests.test_ai_codegen.TestTreeIntegration" name="test_tree_includes_code_phase" time="0.127" /><testcase classname="backend.tests.test_ai_codegen.TestDeleteAuthorization" name="test_other_user_cannot_delete_existing" time="0.231"><skipped type="pytest.skip" message="existing codegen was created by dev user, cannot test 403">/app/backend/tests/test_ai_codegen.py:210: existing codegen was created by dev user, cannot test 403</skipped></testcase></testsuite></testsuites>