<?xml version="1.0" encoding="utf-8"?><testsuites name="pytest tests"><testsuite name="pytest" errors="0" failures="0" skipped="0" tests="15" time="3.162" timestamp="2026-04-08T07:05:39.800542+00:00" hostname="agent-env-85798afe-05c4-4878-902f-77e7074c8a12"><testcase classname="backend.tests.test_p2_features.TestValidationEndpoint" name="test_validate_existing_diagram" time="1.445" /><testcase classname="backend.tests.test_p2_features.TestValidationEndpoint" name="test_validate_nonexistent_diagram" time="0.104" /><testcase classname="backend.tests.test_p2_features.TestValidationEndpoint" name="test_validate_valid_diagram" time="0.105" /><testcase classname="backend.tests.test_p2_features.TestValidateXMLEndpoint" name="test_validate_valid_xml" time="0.129" /><testcase classname="backend.tests.test_p2_features.TestValidateXMLEndpoint" name="test_validate_invalid_xml" time="0.143" /><testcase classname="backend.tests.test_p2_features.TestValidateXMLEndpoint" name="test_validate_empty_xml" time="0.102" /><testcase classname="backend.tests.test_p2_features.TestSimulatorEndpoint" name="test_simulate_diagram" time="0.106" /><testcase classname="backend.tests.test_p2_features.TestSimulatorEndpoint" name="test_simulate_nonexistent_diagram" time="0.103" /><testcase classname="backend.tests.test_p2_features.TestUMLEndpoint" name="test_generate_uml" time="0.101" /><testcase classname="backend.tests.test_p2_features.TestUMLEndpoint" name="test_generate_uml_nonexistent" time="0.107" /><testcase classname="backend.tests.test_p2_features.TestDocsEndpoint" name="test_generate_docs" time="0.099" /><testcase classname="backend.tests.test_p2_features.TestDocsEndpoint" name="test_generate_docs_nonexistent" time="0.109" /><testcase classname="backend.tests.test_p2_features.TestAnalyticsEndpoint" name="test_get_analytics" time="0.102" /><testcase classname="backend.tests.test_p2_features.TestAnalyticsEndpoint" name="test_analytics_nonexistent" time="0.107" /><testcase classname="backend.tests.test_p2_features.TestDiagramExists" name="test_diagram_exists" time="0.101" /></testsuite></testsuites>