<?xml version="1.0" encoding="utf-8"?><testsuites name="pytest tests"><testsuite name="pytest" errors="0" failures="0" skipped="0" tests="11" time="1.217" timestamp="2026-04-13T16:02:31.438222+00:00" hostname="agent-env-85798afe-05c4-4878-902f-77e7074c8a12"><testcase classname="tests.test_free_user_limits.TestLimitsEndpoint" name="test_limits_returns_restricted_for_free_user" time="0.213" /><testcase classname="tests.test_free_user_limits.TestLimitsEndpoint" name="test_limits_returns_unrestricted_for_subscription_user" time="0.048" /><testcase classname="tests.test_free_user_limits.TestDiagramLimits" name="test_diagram_creation_allowed_for_subscription" time="0.105" /><testcase classname="tests.test_free_user_limits.TestDiagramLimits" name="test_diagram_creation_limit_for_free_user" time="0.051" /><testcase classname="tests.test_free_user_limits.TestOOPClassLimits" name="test_oop_class_creation_allowed_for_subscription" time="0.104" /><testcase classname="tests.test_free_user_limits.TestOOPClassLimits" name="test_oop_class_limit_for_free_user" time="0.058" /><testcase classname="tests.test_free_user_limits.TestComponentLimits" name="test_component_creation_allowed_for_subscription" time="0.097" /><testcase classname="tests.test_free_user_limits.TestComponentLimits" name="test_component_limit_for_free_user" time="0.051" /><testcase classname="tests.test_free_user_limits.TestExportLimits" name="test_export_blocked_for_free_user" time="0.182" /><testcase classname="tests.test_free_user_limits.TestExportLimits" name="test_export_allowed_for_subscription_user" time="0.176" /><testcase classname="tests.test_free_user_limits.TestRoleReset" name="test_reset_user_role" time="0.001" /></testsuite></testsuites>