<?xml version="1.0" encoding="utf-8"?><testsuites name="pytest tests"><testsuite name="pytest" errors="0" failures="0" skipped="0" tests="14" time="3.191" timestamp="2026-04-13T14:42:11.293795+00:00" hostname="agent-env-85798afe-05c4-4878-902f-77e7074c8a12"><testcase classname="backend.tests.test_i18n_api.TestI18nTranslations" name="test_get_translations_returns_200" time="0.190" /><testcase classname="backend.tests.test_i18n_api.TestI18nTranslations" name="test_put_translations_spanish" time="0.224" /><testcase classname="backend.tests.test_i18n_api.TestI18nTranslations" name="test_put_translations_english" time="0.115" /><testcase classname="backend.tests.test_i18n_api.TestI18nTranslations" name="test_put_translations_french" time="0.112" /><testcase classname="backend.tests.test_i18n_api.TestI18nTranslations" name="test_put_translations_italian" time="0.134" /><testcase classname="backend.tests.test_i18n_api.TestI18nTranslations" name="test_put_translations_chinese" time="0.109" /><testcase classname="backend.tests.test_i18n_api.TestI18nTranslations" name="test_put_translations_japanese" time="0.110" /><testcase classname="backend.tests.test_i18n_api.TestI18nTranslations" name="test_bulk_update_translations" time="0.262" /><testcase classname="backend.tests.test_i18n_api.TestI18nUserLanguage" name="test_get_user_language_unauthenticated" time="0.104" /><testcase classname="backend.tests.test_i18n_api.TestI18nUserLanguage" name="test_get_user_language_authenticated" time="0.234" /><testcase classname="backend.tests.test_i18n_api.TestI18nUserLanguage" name="test_set_user_language_unauthenticated" time="0.125" /><testcase classname="backend.tests.test_i18n_api.TestI18nUserLanguage" name="test_set_user_language_authenticated" time="0.368" /><testcase classname="backend.tests.test_i18n_api.TestI18nUserLanguage" name="test_set_user_language_invalid" time="0.238" /><testcase classname="backend.tests.test_i18n_api.TestI18nUserLanguage" name="test_set_user_language_all_supported" time="0.816" /></testsuite></testsuites>