<?xml version="1.0" encoding="utf-8"?><testsuites name="pytest tests"><testsuite name="pytest" errors="0" failures="0" skipped="0" tests="23" time="11.055" timestamp="2026-04-07T07:09:36.216606+00:00" hostname="agent-env-85798afe-05c4-4878-902f-77e7074c8a12"><testcase classname="backend.tests.test_projects_api.TestProjectsList" name="test_list_projects" time="0.390" /><testcase classname="backend.tests.test_projects_api.TestProjectsList" name="test_list_projects_with_search" time="0.221" /><testcase classname="backend.tests.test_projects_api.TestProjectsList" name="test_list_projects_with_tag" time="0.196" /><testcase classname="backend.tests.test_projects_api.TestProjectCreate" name="test_create_project_basic" time="0.302" /><testcase classname="backend.tests.test_projects_api.TestProjectCreate" name="test_create_project_minimal" time="0.335" /><testcase classname="backend.tests.test_projects_api.TestProjectCreate" name="test_create_project_all_colors" time="1.756" /><testcase classname="backend.tests.test_projects_api.TestProjectCreate" name="test_create_project_all_icons" time="1.694" /><testcase classname="backend.tests.test_projects_api.TestProjectDetail" name="test_get_project_detail" time="0.214" /><testcase classname="backend.tests.test_projects_api.TestProjectDetail" name="test_get_nonexistent_project" time="0.218" /><testcase classname="backend.tests.test_projects_api.TestProjectUpdate" name="test_update_project_name" time="0.520" /><testcase classname="backend.tests.test_projects_api.TestProjectUpdate" name="test_update_project_all_fields" time="0.402" /><testcase classname="backend.tests.test_projects_api.TestProjectUpdate" name="test_update_nonexistent_project" time="0.198" /><testcase classname="backend.tests.test_projects_api.TestProjectDelete" name="test_delete_project" time="0.406" /><testcase classname="backend.tests.test_projects_api.TestProjectDelete" name="test_delete_nonexistent_project" time="0.195" /><testcase classname="backend.tests.test_projects_api.TestProjectDiagrams" name="test_add_diagram_to_project" time="0.510" /><testcase classname="backend.tests.test_projects_api.TestProjectDiagrams" name="test_add_diagram_twice_is_idempotent" time="0.596" /><testcase classname="backend.tests.test_projects_api.TestProjectDiagrams" name="test_add_nonexistent_diagram_fails" time="0.414" /><testcase classname="backend.tests.test_projects_api.TestProjectDiagrams" name="test_remove_diagram_from_project" time="0.591" /><testcase classname="backend.tests.test_projects_api.TestProjectDiagrams" name="test_diagram_in_multiple_projects" time="0.912" /><testcase classname="backend.tests.test_projects_api.TestStatsIncludesProjects" name="test_stats_has_total_projects" time="0.246" /><testcase classname="backend.tests.test_projects_api.TestExistingProjects" name="test_sistema_ventas_project_exists" time="0.196" /><testcase classname="backend.tests.test_projects_api.TestExistingProjects" name="test_gestion_rrhh_project_exists" time="0.205" /><testcase classname="backend.tests.test_projects_api.TestExistingProjects" name="test_devops_pipeline_project_exists" time="0.198" /></testsuite></testsuites>