<?xml version="1.0" encoding="utf-8"?><testsuites name="pytest tests"><testsuite name="pytest" errors="0" failures="0" skipped="0" tests="14" time="2.168" timestamp="2026-05-03T13:29:34.768375+00:00" hostname="agent-env-85798afe-05c4-4878-902f-77e7074c8a12"><testcase classname="test_announcements.TestPublicActive" name="test_active_anonymous_returns_demo" time="0.306" /><testcase classname="test_announcements.TestPublicActive" name="test_active_with_admin_auth_returns_demo" time="0.054" /><testcase classname="test_announcements.TestDismiss" name="test_dismiss_requires_auth" time="0.044" /><testcase classname="test_announcements.TestDismiss" name="test_dismiss_unknown_404" time="0.044" /><testcase classname="test_announcements.TestDismiss" name="test_dismiss_then_filtered_out" time="0.180" /><testcase classname="test_announcements.TestDismiss" name="test_version_bump_reshows" time="0.136" /><testcase classname="test_announcements.TestAdminCRUD" name="test_list_requires_admin_auth" time="0.043" /><testcase classname="test_announcements.TestAdminCRUD" name="test_admin_list" time="0.051" /><testcase classname="test_announcements.TestAdminCRUD" name="test_create_update_delete_full_flow" time="0.194" /><testcase classname="test_announcements.TestAdminCRUD" name="test_active_toggle_hides_banner" time="0.357" /><testcase classname="test_announcements.TestAudience" name="test_admin_audience" time="0.199" /><testcase classname="test_announcements.TestSchedule" name="test_future_starts_at_excluded" time="0.203" /><testcase classname="test_announcements.TestSchedule" name="test_past_ends_at_excluded" time="0.182" /><testcase classname="test_announcements.TestSeed" name="test_demo_seed_present_and_unique" time="0.129" /></testsuite></testsuites>