<?xml version="1.0" encoding="utf-8"?><testsuites name="pytest tests"><testsuite name="pytest" errors="0" failures="0" skipped="0" tests="7" time="7.477" timestamp="2026-04-13T18:15:17.369974+00:00" hostname="agent-env-85798afe-05c4-4878-902f-77e7074c8a12"><testcase classname="tests.test_iteration_18.TestHealthAndAuth" name="test_health_endpoint" time="0.291" /><testcase classname="tests.test_iteration_18.TestHealthAndAuth" name="test_dev_login" time="0.108" /><testcase classname="tests.test_iteration_18.TestFreeUserLimits" name="test_free_user_limits_endpoint" time="1.142" /><testcase classname="tests.test_iteration_18.TestFreeUserLimits" name="test_free_user_export_blocked" time="1.212" /><testcase classname="tests.test_iteration_18.TestSubscriptionUser" name="test_subscription_user_limits_endpoint" time="0.676" /><testcase classname="tests.test_iteration_18.TestSubscriptionUser" name="test_subscription_user_can_export" time="0.887" /><testcase classname="tests.test_iteration_18.TestOOPClassLimits" name="test_oop_class_limit_enforced" time="3.054" /></testsuite></testsuites>