<?xml version="1.0" encoding="utf-8"?><testsuites name="pytest tests"><testsuite name="pytest" errors="0" failures="0" skipped="0" tests="37" time="8.319" timestamp="2026-04-08T08:19:17.433333+00:00" hostname="agent-env-85798afe-05c4-4878-902f-77e7074c8a12"><testcase classname="backend.tests.test_regression_refactor.TestHealthAndRoot" name="test_health_check" time="0.171" /><testcase classname="backend.tests.test_regression_refactor.TestHealthAndRoot" name="test_root_endpoint" time="0.095" /><testcase classname="backend.tests.test_regression_refactor.TestAuthRouter" name="test_dev_login" time="0.131" /><testcase classname="backend.tests.test_regression_refactor.TestAuthRouter" name="test_get_me_authenticated" time="0.211" /><testcase classname="backend.tests.test_regression_refactor.TestAuthRouter" name="test_get_me_unauthenticated" time="0.094" /><testcase classname="backend.tests.test_regression_refactor.TestDiagramsRouter" name="test_get_diagrams" time="0.215" /><testcase classname="backend.tests.test_regression_refactor.TestDiagramsRouter" name="test_get_diagram_by_id" time="0.391" /><testcase classname="backend.tests.test_regression_refactor.TestDiagramsRouter" name="test_get_diagram_not_found" time="0.212" /><testcase classname="backend.tests.test_regression_refactor.TestDiagramsRouter" name="test_create_update_delete_diagram" time="0.530" /><testcase classname="backend.tests.test_regression_refactor.TestVersionsRouter" name="test_get_versions" time="0.196" /><testcase classname="backend.tests.test_regression_refactor.TestVersionsRouter" name="test_get_version_tree" time="0.199" /><testcase classname="backend.tests.test_regression_refactor.TestVersionsRouter" name="test_create_version" time="0.309" /><testcase classname="backend.tests.test_regression_refactor.TestBranchesRouter" name="test_get_branches" time="0.196" /><testcase classname="backend.tests.test_regression_refactor.TestBranchesRouter" name="test_create_branch" time="0.694" /><testcase classname="backend.tests.test_regression_refactor.TestOOPClassesRouter" name="test_get_oop_classes" time="0.203" /><testcase classname="backend.tests.test_regression_refactor.TestOOPClassesRouter" name="test_create_update_delete_oop_class" time="0.429" /><testcase classname="backend.tests.test_regression_refactor.TestProjectsRouter" name="test_get_projects" time="0.206" /><testcase classname="backend.tests.test_regression_refactor.TestProjectsRouter" name="test_get_project_by_id" time="0.316" /><testcase classname="backend.tests.test_regression_refactor.TestProjectsRouter" name="test_create_project" time="0.328" /><testcase classname="backend.tests.test_regression_refactor.TestComponentsRouter" name="test_get_components" time="0.195" /><testcase classname="backend.tests.test_regression_refactor.TestComponentsRouter" name="test_create_component" time="0.314" /><testcase classname="backend.tests.test_regression_refactor.TestSocialRouter" name="test_get_notifications" time="0.201" /><testcase classname="backend.tests.test_regression_refactor.TestSocialRouter" name="test_get_unread_count" time="0.188" /><testcase classname="backend.tests.test_regression_refactor.TestSocialRouter" name="test_get_favorites" time="0.229" /><testcase classname="backend.tests.test_regression_refactor.TestGitRouter" name="test_get_git_repos" time="0.199" /><testcase classname="backend.tests.test_regression_refactor.TestToolsRouter" name="test_validate_diagram" time="0.203" /><testcase classname="backend.tests.test_regression_refactor.TestToolsRouter" name="test_simulate_diagram" time="0.209" /><testcase classname="backend.tests.test_regression_refactor.TestToolsRouter" name="test_generate_uml" time="0.240" /><testcase classname="backend.tests.test_regression_refactor.TestToolsRouter" name="test_generate_docs" time="0.205" /><testcase classname="backend.tests.test_regression_refactor.TestToolsRouter" name="test_analytics" time="0.215" /><testcase classname="backend.tests.test_regression_refactor.TestToolsRouter" name="test_get_stats" time="0.113" /><testcase classname="backend.tests.test_regression_refactor.TestToolsRouter" name="test_get_tags" time="0.101" /><testcase classname="backend.tests.test_regression_refactor.TestToolsNotFound" name="test_validate_not_found" time="0.100" /><testcase classname="backend.tests.test_regression_refactor.TestToolsNotFound" name="test_simulate_not_found" time="0.100" /><testcase classname="backend.tests.test_regression_refactor.TestToolsNotFound" name="test_uml_not_found" time="0.100" /><testcase classname="backend.tests.test_regression_refactor.TestToolsNotFound" name="test_docs_not_found" time="0.107" /><testcase classname="backend.tests.test_regression_refactor.TestToolsNotFound" name="test_analytics_not_found" time="0.101" /></testsuite></testsuites>