<?xml version="1.0" encoding="utf-8"?><testsuites name="pytest tests"><testsuite name="pytest" errors="0" failures="0" skipped="1" tests="16" time="12.564" timestamp="2026-04-07T19:51:13.153258+00:00" hostname="agent-env-85798afe-05c4-4878-902f-77e7074c8a12"><testcase classname="backend.tests.test_p1_features.TestWebSocketCollaboration" name="test_websocket_endpoint_exists" time="0.001" /><testcase classname="backend.tests.test_p1_features.TestWebSocketCollaboration" name="test_websocket_connection_and_messages" time="10.020"><skipped type="pytest.skip" message="WebSocket test skipped (may not be available in test env): timed out during opening handshake">/app/backend/tests/test_p1_features.py:116: WebSocket test skipped (may not be available in test env): timed out during opening handshake</skipped></testcase><testcase classname="backend.tests.test_p1_features.TestBranchMerge" name="test_list_branches" time="0.205" /><testcase classname="backend.tests.test_p1_features.TestBranchMerge" name="test_create_branch" time="0.121" /><testcase classname="backend.tests.test_p1_features.TestBranchMerge" name="test_preview_merge_no_conflicts" time="0.106" /><testcase classname="backend.tests.test_p1_features.TestBranchMerge" name="test_preview_merge_not_found" time="0.062" /><testcase classname="backend.tests.test_p1_features.TestBranchMerge" name="test_merge_branch" time="0.168" /><testcase classname="backend.tests.test_p1_features.TestBranchMerge" name="test_merge_already_merged_branch" time="0.153" /><testcase classname="backend.tests.test_p1_features.TestGitIntegration" name="test_list_git_repos" time="0.049" /><testcase classname="backend.tests.test_p1_features.TestGitIntegration" name="test_create_git_repo" time="0.115" /><testcase classname="backend.tests.test_p1_features.TestGitIntegration" name="test_git_push_without_real_token" time="0.425" /><testcase classname="backend.tests.test_p1_features.TestGitIntegration" name="test_git_pull_without_real_token" time="0.283" /><testcase classname="backend.tests.test_p1_features.TestGitIntegration" name="test_delete_git_repo" time="0.210" /><testcase classname="backend.tests.test_p1_features.TestGitIntegration" name="test_git_push_no_diagram" time="0.180" /><testcase classname="backend.tests.test_p1_features.TestHealthCheck" name="test_api_health" time="0.176" /><testcase classname="backend.tests.test_p1_features.TestHealthCheck" name="test_dev_login" time="0.161" /></testsuite></testsuites>