<?xml version="1.0" encoding="utf-8"?><testsuites name="pytest tests"><testsuite name="pytest" errors="0" failures="0" skipped="0" tests="18" time="4.074" timestamp="2026-05-02T19:14:12.199852+00:00" hostname="agent-env-85798afe-05c4-4878-902f-77e7074c8a12"><testcase classname="backend.tests.test_project_tree.TestAuth" name="test_tree_unauthorized" time="0.280" /><testcase classname="backend.tests.test_project_tree.TestAuth" name="test_snapshot_unauthorized" time="0.127" /><testcase classname="backend.tests.test_project_tree.TestAuth" name="test_compare_unauthorized" time="0.124" /><testcase classname="backend.tests.test_project_tree.TestTree" name="test_tree_shape" time="0.252" /><testcase classname="backend.tests.test_project_tree.TestTree" name="test_tree_unknown_project" time="0.110" /><testcase classname="backend.tests.test_project_tree.TestManualSnapshots" name="test_create_spec_snapshot_monotonic" time="0.392" /><testcase classname="backend.tests.test_project_tree.TestManualSnapshots" name="test_create_bpmn_snapshot_no_id_leak" time="0.110" /><testcase classname="backend.tests.test_project_tree.TestManualSnapshots" name="test_spec_phase_requires_resource_id" time="0.126" /><testcase classname="backend.tests.test_project_tree.TestReadSnapshot" name="test_read_phase_kind" time="0.232" /><testcase classname="backend.tests.test_project_tree.TestReadSnapshot" name="test_read_bpmn_kind" time="0.234" /><testcase classname="backend.tests.test_project_tree.TestReadSnapshot" name="test_read_unknown_returns_404" time="0.122" /><testcase classname="backend.tests.test_project_tree.TestCompare" name="test_compare_phase" time="0.347" /><testcase classname="backend.tests.test_project_tree.TestCompare" name="test_compare_same_id_400" time="0.356" /><testcase classname="backend.tests.test_project_tree.TestCompare" name="test_compare_bpmn" time="0.362" /><testcase classname="backend.tests.test_project_tree.TestCompare" name="test_compare_unknown_404" time="0.110" /><testcase classname="backend.tests.test_project_tree.TestRestore" name="test_restore_phase" time="0.252" /><testcase classname="backend.tests.test_project_tree.TestRestore" name="test_restore_bpmn" time="0.221" /><testcase classname="backend.tests.test_project_tree.TestRestore" name="test_restore_requires_confirm" time="0.232" /></testsuite></testsuites>