<?xml version="1.0" encoding="utf-8"?><testsuites name="pytest tests"><testsuite name="pytest" errors="0" failures="0" skipped="0" tests="13" time="120.791" timestamp="2026-04-08T16:19:51.767891+00:00" hostname="agent-env-85798afe-05c4-4878-902f-77e7074c8a12"><testcase classname="backend.tests.test_process_prompt.TestProcessPromptEndpoint" name="test_endpoint_exists" time="22.041" /><testcase classname="backend.tests.test_process_prompt.TestProcessPromptEndpoint" name="test_empty_prompt_returns_400" time="0.196" /><testcase classname="backend.tests.test_process_prompt.TestProcessPromptEndpoint" name="test_whitespace_only_prompt_returns_400" time="0.160" /><testcase classname="backend.tests.test_process_prompt.TestProcessPromptEndpoint" name="test_accepts_gemini_provider" time="8.310" /><testcase classname="backend.tests.test_process_prompt.TestProcessPromptEndpoint" name="test_accepts_openai_provider" time="18.730" /><testcase classname="backend.tests.test_process_prompt.TestProcessPromptEndpoint" name="test_accepts_code_output_type" time="7.499" /><testcase classname="backend.tests.test_process_prompt.TestProcessPromptEndpoint" name="test_accepts_docs_output_type" time="15.373" /><testcase classname="backend.tests.test_process_prompt.TestProcessPromptEndpoint" name="test_accepts_all_languages" time="31.985" /><testcase classname="backend.tests.test_process_prompt.TestProcessPromptEndpoint" name="test_503_error_structure" time="0.798" /><testcase classname="backend.tests.test_process_prompt.TestProcessPromptEndpoint" name="test_default_values" time="0.376" /><testcase classname="backend.tests.test_process_prompt.TestProcessPromptEndpoint" name="test_unknown_provider_falls_back_to_gemini" time="3.505" /><testcase classname="backend.tests.test_process_prompt.TestProcessPromptRequestModel" name="test_missing_prompt_field" time="0.582" /><testcase classname="backend.tests.test_process_prompt.TestProcessPromptRequestModel" name="test_model_defaults" time="11.133" /></testsuite></testsuites>