<?xml version="1.0" encoding="utf-8"?><testsuites name="pytest tests"><testsuite name="pytest" errors="0" failures="0" skipped="0" tests="11" time="57.588" timestamp="2026-04-08T15:50:07.033083+00:00" hostname="agent-env-85798afe-05c4-4878-902f-77e7074c8a12"><testcase classname="backend.tests.test_summary_endpoints.TestSummaryEndpoints" name="test_diagram_summary_endpoint_exists" time="2.181" /><testcase classname="backend.tests.test_summary_endpoints.TestSummaryEndpoints" name="test_diagram_summary_not_found" time="0.145" /><testcase classname="backend.tests.test_summary_endpoints.TestSummaryEndpoints" name="test_diagram_summary_request_validation" time="6.780" /><testcase classname="backend.tests.test_summary_endpoints.TestSummaryEndpoints" name="test_diagram_summary_ai_service_error" time="8.042" /><testcase classname="backend.tests.test_summary_endpoints.TestSummaryEndpoints" name="test_project_summary_endpoint_exists" time="15.020" /><testcase classname="backend.tests.test_summary_endpoints.TestSummaryEndpoints" name="test_project_summary_not_found" time="0.231" /><testcase classname="backend.tests.test_summary_endpoints.TestSummaryEndpoints" name="test_project_summary_request_validation" time="8.559" /><testcase classname="backend.tests.test_summary_endpoints.TestSummaryEndpoints" name="test_project_summary_ai_service_error" time="7.305" /><testcase classname="backend.tests.test_summary_endpoints.TestSummaryEndpoints" name="test_summary_request_default_values" time="7.413" /><testcase classname="backend.tests.test_summary_endpoints.TestSummaryEndpoints" name="test_summary_request_with_custom_context" time="1.689" /><testcase classname="backend.tests.test_summary_endpoints.TestDevLoginEndpoint" name="test_dev_login_works" time="0.113" /></testsuite></testsuites>